<?xml version="1.0" encoding="UTF-8"?>
<!-- Generated by org.testng.reporters.JUnitReportReporter -->
<testsuite hostname="HP" failures="0" tests="4" name="restAssuredPractice.Request1" time="9.914" errors="0" timestamp="2022-09-05T14:47:34 IST" skipped="0">
  <testcase classname="restAssuredPractice.Request1" name="putrequest" time="1.639"/>
  <system-out/>
  <testcase classname="restAssuredPractice.Request1" name="postrequest" time="2.044"/>
  <system-out/>
  <testcase classname="restAssuredPractice.Request1" name="patchrequest" time="2.078"/>
  <system-out/>
  <testcase classname="restAssuredPractice.Request1" name="getrequest" time="4.153"/>
  <system-out/>
</testsuite> <!-- restAssuredPractice.Request1 -->
